SF:/Users/alexbrown/Desktop/BlabberApp/BlabberApp/BlabberApp.DataStore/Plugins/InMemory.cs
FN:17,System.Void BlabberApp.DataStore.Plugins.InMemory::Create(BlabberApp.Domain.Interfaces.IEntity)
FNDA:13,System.Void BlabberApp.DataStore.Plugins.InMemory::Create(BlabberApp.Domain.Interfaces.IEntity)
DA:18,13
DA:19,13
DA:20,13
FN:22,System.Collections.IEnumerable BlabberApp.DataStore.Plugins.InMemory::ReadAll()
FNDA:2,System.Collections.IEnumerable BlabberApp.DataStore.Plugins.InMemory::ReadAll()
DA:23,2
DA:24,2
DA:25,2
FN:27,BlabberApp.Domain.Interfaces.IEntity BlabberApp.DataStore.Plugins.InMemory::ReadById(System.Guid)
FNDA:3,BlabberApp.Domain.Interfaces.IEntity BlabberApp.DataStore.Plugins.InMemory::ReadById(System.Guid)
DA:28,3
DA:29,12
DA:30,3
DA:31,6
DA:32,0
DA:33,0
DA:34,3
BRDA:29,57,1,3
BRDA:31,44,0,3
BRDA:31,44,1,0
BRDA:29,57,0,0
FN:35,System.Collections.IEnumerable BlabberApp.DataStore.Plugins.InMemory::ReadByUserId(System.String)
FNDA:0,System.Collections.IEnumerable BlabberApp.DataStore.Plugins.InMemory::ReadByUserId(System.String)
DA:36,0
DA:37,0
FN:39,BlabberApp.Domain.Interfaces.IEntity BlabberApp.DataStore.Plugins.InMemory::ReadByUserEmail(System.String)
FNDA:3,BlabberApp.Domain.Interfaces.IEntity BlabberApp.DataStore.Plugins.InMemory::ReadByUserEmail(System.String)
DA:40,3
DA:41,12
DA:42,3
DA:43,3
DA:44,3
DA:45,3
DA:47,0
DA:48,0
DA:49,3
BRDA:41,57,1,3
BRDA:43,43,0,3
BRDA:43,43,1,0
BRDA:41,57,0,0
FN:51,System.Void BlabberApp.DataStore.Plugins.InMemory::Update(BlabberApp.Domain.Interfaces.IEntity)
FNDA:2,System.Void BlabberApp.DataStore.Plugins.InMemory::Update(BlabberApp.Domain.Interfaces.IEntity)
DA:52,2
DA:53,2
DA:54,2
DA:55,2
FN:57,System.Void BlabberApp.DataStore.Plugins.InMemory::Delete(BlabberApp.Domain.Interfaces.IEntity)
FNDA:3,System.Void BlabberApp.DataStore.Plugins.InMemory::Delete(BlabberApp.Domain.Interfaces.IEntity)
DA:58,3
DA:59,3
DA:60,3
FN:61,System.Void BlabberApp.DataStore.Plugins.InMemory::DeleteAll()
FNDA:11,System.Void BlabberApp.DataStore.Plugins.InMemory::DeleteAll()
DA:62,11
DA:63,11
DA:64,11
FN:65,System.Void BlabberApp.DataStore.Plugins.InMemory::UpdateBlabById(System.Guid,System.String)
FNDA:0,System.Void BlabberApp.DataStore.Plugins.InMemory::UpdateBlabById(System.Guid,System.String)
DA:66,0
DA:68,0
FN:69,System.Void BlabberApp.DataStore.Plugins.InMemory::UpdateEmailById(System.Guid,System.String)
FNDA:0,System.Void BlabberApp.DataStore.Plugins.InMemory::UpdateEmailById(System.Guid,System.String)
DA:70,0
DA:72,0
FN:11,System.Void BlabberApp.DataStore.Plugins.InMemory::.ctor()
FNDA:10,System.Void BlabberApp.DataStore.Plugins.InMemory::.ctor()
DA:12,10
DA:13,10
DA:14,10
DA:15,10
LF:42
LH:32
BRF:8
BRH:4
FNF:11
FNH:8
end_of_record
SF:/Users/alexbrown/Desktop/BlabberApp/BlabberApp/BlabberApp.DataStore/Plugins/MySqlBlab.cs
FN:26,System.Void BlabberApp.DataStore.Plugins.MySqlBlab::Close()
FNDA:0,System.Void BlabberApp.DataStore.Plugins.MySqlBlab::Close()
DA:27,0
DA:28,0
DA:29,0
FN:30,System.Void BlabberApp.DataStore.Plugins.MySqlBlab::Create(BlabberApp.Domain.Interfaces.IEntity)
FNDA:10,System.Void BlabberApp.DataStore.Plugins.MySqlBlab::Create(BlabberApp.Domain.Interfaces.IEntity)
DA:31,10
DA:32,10
DA:34,10
DA:35,10
DA:36,10
DA:37,10
DA:38,10
DA:39,10
DA:40,10
DA:41,10
DA:42,10
DA:43,10
DA:44,0
DA:45,0
DA:46,0
DA:48,10
FN:50,System.Collections.IEnumerable BlabberApp.DataStore.Plugins.MySqlBlab::ReadAll()
FNDA:1,System.Collections.IEnumerable BlabberApp.DataStore.Plugins.MySqlBlab::ReadAll()
DA:51,1
DA:53,1
DA:55,1
DA:56,1
DA:57,1
DA:58,1
DA:60,1
DA:62,1
DA:64,7
DA:65,2
DA:66,2
DA:67,2
DA:69,1
DA:71,0
DA:72,0
DA:73,0
DA:75,1
BRDA:64,115,1,2
BRDA:64,115,0,1
FN:77,BlabberApp.Domain.Interfaces.IEntity BlabberApp.DataStore.Plugins.MySqlBlab::ReadById(System.Guid)
FNDA:3,BlabberApp.Domain.Interfaces.IEntity BlabberApp.DataStore.Plugins.MySqlBlab::ReadById(System.Guid)
DA:78,3
DA:80,3
DA:81,3
DA:82,3
DA:83,3
DA:84,3
DA:86,3
DA:88,3
DA:89,3
DA:91,3
DA:93,3
DA:95,0
DA:96,0
DA:97,0
DA:99,3
FN:101,System.Collections.IEnumerable BlabberApp.DataStore.Plugins.MySqlBlab::ReadByUserId(System.String)
FNDA:3,System.Collections.IEnumerable BlabberApp.DataStore.Plugins.MySqlBlab::ReadByUserId(System.String)
DA:102,3
DA:104,3
DA:105,3
DA:106,3
DA:107,3
DA:108,3
DA:110,3
DA:112,3
DA:114,15
DA:115,3
DA:116,3
DA:117,3
DA:119,3
DA:121,0
DA:122,0
DA:123,0
DA:125,3
BRDA:114,131,1,3
BRDA:114,131,0,3
FN:127,System.Void BlabberApp.DataStore.Plugins.MySqlBlab::Update(BlabberApp.Domain.Interfaces.IEntity)
FNDA:1,System.Void BlabberApp.DataStore.Plugins.MySqlBlab::Update(BlabberApp.Domain.Interfaces.IEntity)
DA:128,1
DA:129,1
DA:130,1
FN:132,System.Void BlabberApp.DataStore.Plugins.MySqlBlab::Delete(BlabberApp.Domain.Interfaces.IEntity)
FNDA:1,System.Void BlabberApp.DataStore.Plugins.MySqlBlab::Delete(BlabberApp.Domain.Interfaces.IEntity)
DA:133,1
DA:134,1
DA:135,1
FN:136,System.Void BlabberApp.DataStore.Plugins.MySqlBlab::DeleteAll()
FNDA:23,System.Void BlabberApp.DataStore.Plugins.MySqlBlab::DeleteAll()
DA:137,23
DA:138,23
DA:139,23
DA:140,23
DA:141,23
FN:142,BlabberApp.Domain.Entities.Blab BlabberApp.DataStore.Plugins.MySqlBlab::DataRow2Blab(System.Data.DataRow)
FNDA:5,BlabberApp.Domain.Entities.Blab BlabberApp.DataStore.Plugins.MySqlBlab::DataRow2Blab(System.Data.DataRow)
DA:143,5
DA:144,5
DA:146,5
DA:148,5
DA:150,5
DA:151,5
DA:152,5
DA:154,5
DA:155,5
FN:156,System.Void BlabberApp.DataStore.Plugins.MySqlBlab::UpdateBlabById(System.Guid,System.String)
FNDA:1,System.Void BlabberApp.DataStore.Plugins.MySqlBlab::UpdateBlabById(System.Guid,System.String)
DA:157,1
DA:159,1
DA:160,1
DA:161,1
DA:162,1
DA:163,1
DA:165,0
DA:166,0
DA:167,0
DA:169,1
FN:13,System.Void BlabberApp.DataStore.Plugins.MySqlBlab::.ctor()
FNDA:22,System.Void BlabberApp.DataStore.Plugins.MySqlBlab::.ctor()
DA:14,22
DA:15,22
DA:16,22
DA:18,22
DA:19,22
DA:20,22
DA:21,0
DA:22,0
DA:23,0
DA:25,22
LF:108
LH:87
BRF:4
BRH:4
FNF:11
FNH:10
end_of_record
SF:/Users/alexbrown/Desktop/BlabberApp/BlabberApp/BlabberApp.DataStore/Plugins/MySqlUser.cs
FN:26,System.Void BlabberApp.DataStore.Plugins.MySqlUser::Close()
FNDA:0,System.Void BlabberApp.DataStore.Plugins.MySqlUser::Close()
DA:27,0
DA:28,0
DA:29,0
FN:30,System.Void BlabberApp.DataStore.Plugins.MySqlUser::Create(BlabberApp.Domain.Interfaces.IEntity)
FNDA:4,System.Void BlabberApp.DataStore.Plugins.MySqlUser::Create(BlabberApp.Domain.Interfaces.IEntity)
DA:31,4
DA:32,4
DA:34,4
DA:35,4
DA:36,4
DA:37,4
DA:38,4
DA:39,4
DA:40,4
DA:41,4
DA:42,4
DA:43,4
DA:44,0
DA:45,0
DA:46,0
DA:48,4
FN:50,System.Collections.IEnumerable BlabberApp.DataStore.Plugins.MySqlUser::ReadAll()
FNDA:1,System.Collections.IEnumerable BlabberApp.DataStore.Plugins.MySqlUser::ReadAll()
DA:51,1
DA:53,1
DA:54,1
DA:55,1
DA:56,1
DA:57,1
DA:59,1
DA:61,1
DA:63,5
DA:64,1
DA:65,1
DA:66,1
DA:68,1
DA:70,0
DA:71,0
DA:72,0
DA:74,1
BRDA:63,120,1,1
BRDA:63,120,0,1
FN:76,BlabberApp.Domain.Interfaces.IEntity BlabberApp.DataStore.Plugins.MySqlUser::ReadById(System.Guid)
FNDA:2,BlabberApp.Domain.Interfaces.IEntity BlabberApp.DataStore.Plugins.MySqlUser::ReadById(System.Guid)
DA:77,2
DA:79,2
DA:80,2
DA:81,2
DA:82,2
DA:83,2
DA:85,2
DA:87,2
DA:89,2
DA:91,0
DA:92,0
DA:93,0
DA:95,2
FN:96,BlabberApp.Domain.Interfaces.IEntity BlabberApp.DataStore.Plugins.MySqlUser::ReadByUserEmail(System.String)
FNDA:4,BlabberApp.Domain.Interfaces.IEntity BlabberApp.DataStore.Plugins.MySqlUser::ReadByUserEmail(System.String)
DA:97,4
DA:99,4
DA:100,4
DA:101,4
DA:102,4
DA:103,4
DA:105,4
DA:107,4
DA:109,0
DA:111,4
DA:112,4
DA:113,4
DA:115,0
FN:117,System.Void BlabberApp.DataStore.Plugins.MySqlUser::Update(BlabberApp.Domain.Interfaces.IEntity)
FNDA:1,System.Void BlabberApp.DataStore.Plugins.MySqlUser::Update(BlabberApp.Domain.Interfaces.IEntity)
DA:118,1
DA:119,1
DA:120,1
FN:122,System.Void BlabberApp.DataStore.Plugins.MySqlUser::Delete(BlabberApp.Domain.Interfaces.IEntity)
FNDA:1,System.Void BlabberApp.DataStore.Plugins.MySqlUser::Delete(BlabberApp.Domain.Interfaces.IEntity)
DA:123,1
DA:124,1
DA:125,1
DA:126,1
DA:127,1
DA:128,1
DA:129,0
DA:130,0
DA:132,1
FN:134,System.Void BlabberApp.DataStore.Plugins.MySqlUser::DeleteAll()
FNDA:10,System.Void BlabberApp.DataStore.Plugins.MySqlUser::DeleteAll()
DA:135,10
DA:136,10
DA:137,10
DA:138,10
DA:139,10
FN:141,BlabberApp.Domain.Entities.User BlabberApp.DataStore.Plugins.MySqlUser::DataRow2User(System.Data.DataRow)
FNDA:3,BlabberApp.Domain.Entities.User BlabberApp.DataStore.Plugins.MySqlUser::DataRow2User(System.Data.DataRow)
DA:142,3
DA:143,3
DA:145,3
DA:146,3
DA:147,3
DA:148,3
DA:150,3
DA:151,3
FN:152,System.Void BlabberApp.DataStore.Plugins.MySqlUser::UpdateEmailById(System.Guid,System.String)
FNDA:0,System.Void BlabberApp.DataStore.Plugins.MySqlUser::UpdateEmailById(System.Guid,System.String)
DA:153,0
DA:154,0
DA:155,0
DA:156,0
DA:157,0
DA:158,0
DA:159,0
DA:161,0
FN:13,System.Void BlabberApp.DataStore.Plugins.MySqlUser::.ctor()
FNDA:10,System.Void BlabberApp.DataStore.Plugins.MySqlUser::.ctor()
DA:14,10
DA:15,10
DA:16,10
DA:18,10
DA:19,10
DA:20,10
DA:21,0
DA:22,0
DA:23,0
DA:25,10
LF:105
LH:78
BRF:2
BRH:2
FNF:11
FNH:9
end_of_record
SF:/Users/alexbrown/Desktop/BlabberApp/BlabberApp/BlabberApp.DataStore/Exceptions/BlabAdapterExceptions.cs
FN:6,System.Void BlabberApp.DataStore.Exceptions.BlabAdapterException::.ctor(System.String)
FNDA:0,System.Void BlabberApp.DataStore.Exceptions.BlabAdapterException::.ctor(System.String)
DA:7,0
DA:8,0
DA:9,0
FN:9,System.Void BlabberApp.DataStore.Exceptions.BlabAdapterException::.ctor(System.String,System.Exception)
FNDA:0,System.Void BlabberApp.DataStore.Exceptions.BlabAdapterException::.ctor(System.String,System.Exception)
DA:10,0
DA:11,0
DA:12,0
FN:15,System.Void BlabberApp.DataStore.Exceptions.BlabAdapterNotFoundException::.ctor(System.String)
FNDA:0,System.Void BlabberApp.DataStore.Exceptions.BlabAdapterNotFoundException::.ctor(System.String)
DA:16,0
DA:17,0
DA:18,0
FN:18,System.Void BlabberApp.DataStore.Exceptions.BlabAdapterNotFoundException::.ctor(System.String,System.Exception)
FNDA:0,System.Void BlabberApp.DataStore.Exceptions.BlabAdapterNotFoundException::.ctor(System.String,System.Exception)
DA:19,0
DA:20,0
DA:21,0
LF:12
LH:0
BRF:0
BRH:0
FNF:4
FNH:0
end_of_record
SF:/Users/alexbrown/Desktop/BlabberApp/BlabberApp/BlabberApp.DataStore/Exceptions/UserAdapterExceptions.cs
FN:6,System.Void BlabberApp.DataStore.Exceptions.UserAdapterException::.ctor(System.String)
FNDA:0,System.Void BlabberApp.DataStore.Exceptions.UserAdapterException::.ctor(System.String)
DA:7,0
DA:8,0
DA:9,0
FN:9,System.Void BlabberApp.DataStore.Exceptions.UserAdapterException::.ctor(System.String,System.Exception)
FNDA:0,System.Void BlabberApp.DataStore.Exceptions.UserAdapterException::.ctor(System.String,System.Exception)
DA:10,0
DA:11,0
DA:12,0
FN:15,System.Void BlabberApp.DataStore.Exceptions.UserAdapterNotFoundException::.ctor(System.String)
FNDA:4,System.Void BlabberApp.DataStore.Exceptions.UserAdapterNotFoundException::.ctor(System.String)
DA:16,4
DA:17,4
DA:18,4
FN:18,System.Void BlabberApp.DataStore.Exceptions.UserAdapterNotFoundException::.ctor(System.String,System.Exception)
FNDA:0,System.Void BlabberApp.DataStore.Exceptions.UserAdapterNotFoundException::.ctor(System.String,System.Exception)
DA:19,0
DA:20,0
DA:21,0
FN:24,System.Void BlabberApp.DataStore.Exceptions.UserAdapterDuplicateException::.ctor(System.String)
FNDA:0,System.Void BlabberApp.DataStore.Exceptions.UserAdapterDuplicateException::.ctor(System.String)
DA:25,0
DA:26,0
DA:27,0
FN:27,System.Void BlabberApp.DataStore.Exceptions.UserAdapterDuplicateException::.ctor(System.String,System.Exception)
FNDA:0,System.Void BlabberApp.DataStore.Exceptions.UserAdapterDuplicateException::.ctor(System.String,System.Exception)
DA:28,0
DA:29,0
DA:30,0
LF:18
LH:3
BRF:0
BRH:0
FNF:6
FNH:1
end_of_record
SF:/Users/alexbrown/Desktop/BlabberApp/BlabberApp/BlabberApp.DataStore/Adapters/BlabAdapter.cs
FN:17,System.Void BlabberApp.DataStore.Adapters.BlabAdapter::Add(BlabberApp.Domain.Entities.Blab)
FNDA:10,System.Void BlabberApp.DataStore.Adapters.BlabAdapter::Add(BlabberApp.Domain.Entities.Blab)
DA:18,10
DA:19,10
DA:20,10
FN:22,System.Void BlabberApp.DataStore.Adapters.BlabAdapter::Remove(BlabberApp.Domain.Entities.Blab)
FNDA:1,System.Void BlabberApp.DataStore.Adapters.BlabAdapter::Remove(BlabberApp.Domain.Entities.Blab)
DA:23,1
DA:24,1
DA:25,1
FN:26,System.Void BlabberApp.DataStore.Adapters.BlabAdapter::RemoveAll()
FNDA:23,System.Void BlabberApp.DataStore.Adapters.BlabAdapter::RemoveAll()
DA:27,23
DA:28,23
DA:29,23
FN:31,System.Void BlabberApp.DataStore.Adapters.BlabAdapter::Update(BlabberApp.Domain.Entities.Blab)
FNDA:1,System.Void BlabberApp.DataStore.Adapters.BlabAdapter::Update(BlabberApp.Domain.Entities.Blab)
DA:32,1
DA:33,1
DA:34,1
FN:36,System.Collections.IEnumerable BlabberApp.DataStore.Adapters.BlabAdapter::GetAll()
FNDA:1,System.Collections.IEnumerable BlabberApp.DataStore.Adapters.BlabAdapter::GetAll()
DA:37,1
DA:38,1
DA:39,1
FN:41,BlabberApp.Domain.Entities.Blab BlabberApp.DataStore.Adapters.BlabAdapter::GetById(System.Guid)
FNDA:0,BlabberApp.Domain.Entities.Blab BlabberApp.DataStore.Adapters.BlabAdapter::GetById(System.Guid)
DA:42,0
DA:43,0
DA:44,0
FN:45,System.Collections.IEnumerable BlabberApp.DataStore.Adapters.BlabAdapter::GetByUserId(System.String)
FNDA:3,System.Collections.IEnumerable BlabberApp.DataStore.Adapters.BlabAdapter::GetByUserId(System.String)
DA:46,3
DA:47,3
DA:48,3
FN:49,BlabberApp.Domain.Entities.Blab BlabberApp.DataStore.Adapters.BlabAdapter::GetByBlabId(System.Guid)
FNDA:3,BlabberApp.Domain.Entities.Blab BlabberApp.DataStore.Adapters.BlabAdapter::GetByBlabId(System.Guid)
DA:50,3
DA:51,3
DA:52,3
FN:53,System.Void BlabberApp.DataStore.Adapters.BlabAdapter::UpdateBlabById(System.Guid,System.String)
FNDA:1,System.Void BlabberApp.DataStore.Adapters.BlabAdapter::UpdateBlabById(System.Guid,System.String)
DA:54,1
DA:55,1
DA:56,1
FN:11,System.Void BlabberApp.DataStore.Adapters.BlabAdapter::.ctor(BlabberApp.DataStore.Interfaces.IBlabPlugin)
FNDA:22,System.Void BlabberApp.DataStore.Adapters.BlabAdapter::.ctor(BlabberApp.DataStore.Interfaces.IBlabPlugin)
DA:12,22
DA:13,22
DA:14,22
DA:15,22
LF:31
LH:28
BRF:0
BRH:0
FNF:10
FNH:9
end_of_record
SF:/Users/alexbrown/Desktop/BlabberApp/BlabberApp/BlabberApp.DataStore/Adapters/UserAdapter.cs
FN:18,System.Void BlabberApp.DataStore.Adapters.UserAdapter::Add(BlabberApp.Domain.Entities.User)
FNDA:4,System.Void BlabberApp.DataStore.Adapters.UserAdapter::Add(BlabberApp.Domain.Entities.User)
DA:19,4
DA:21,4
DA:22,4
DA:23,0
DA:24,4
DA:25,4
DA:27,4
DA:28,4
DA:29,4
DA:31,0
DA:32,0
DA:33,0
DA:36,0
DA:37,4
FN:39,System.Void BlabberApp.DataStore.Adapters.UserAdapter::Remove(BlabberApp.Domain.Entities.User)
FNDA:1,System.Void BlabberApp.DataStore.Adapters.UserAdapter::Remove(BlabberApp.Domain.Entities.User)
DA:40,1
DA:42,1
DA:43,1
DA:44,1
DA:45,0
DA:46,0
DA:47,0
DA:49,1
FN:50,System.Void BlabberApp.DataStore.Adapters.UserAdapter::RemoveAll()
FNDA:10,System.Void BlabberApp.DataStore.Adapters.UserAdapter::RemoveAll()
DA:51,10
DA:52,10
DA:53,10
FN:55,System.Void BlabberApp.DataStore.Adapters.UserAdapter::Update(BlabberApp.Domain.Entities.User)
FNDA:1,System.Void BlabberApp.DataStore.Adapters.UserAdapter::Update(BlabberApp.Domain.Entities.User)
DA:56,1
DA:58,1
DA:59,1
DA:60,1
DA:61,0
DA:62,0
DA:63,0
DA:65,1
FN:67,System.Collections.IEnumerable BlabberApp.DataStore.Adapters.UserAdapter::GetAll()
FNDA:1,System.Collections.IEnumerable BlabberApp.DataStore.Adapters.UserAdapter::GetAll()
DA:68,1
DA:70,1
DA:71,1
DA:73,0
DA:74,0
DA:75,0
DA:77,1
FN:79,BlabberApp.Domain.Entities.User BlabberApp.DataStore.Adapters.UserAdapter::GetById(System.Guid)
FNDA:2,BlabberApp.Domain.Entities.User BlabberApp.DataStore.Adapters.UserAdapter::GetById(System.Guid)
DA:80,2
DA:82,2
DA:83,2
DA:84,2
DA:86,0
DA:87,0
DA:88,0
DA:90,2
FN:92,BlabberApp.Domain.Entities.User BlabberApp.DataStore.Adapters.UserAdapter::GetByEmail(System.String)
FNDA:4,BlabberApp.Domain.Entities.User BlabberApp.DataStore.Adapters.UserAdapter::GetByEmail(System.String)
DA:93,4
DA:95,4
DA:96,4
DA:97,0
DA:99,4
DA:100,4
DA:101,4
DA:103,0
FN:104,System.Void BlabberApp.DataStore.Adapters.UserAdapter::UpdateEmailById(System.Guid,System.String)
FNDA:0,System.Void BlabberApp.DataStore.Adapters.UserAdapter::UpdateEmailById(System.Guid,System.String)
DA:105,0
DA:106,0
DA:107,0
FN:12,System.Void BlabberApp.DataStore.Adapters.UserAdapter::.ctor(BlabberApp.DataStore.Interfaces.IUserPlugin)
FNDA:5,System.Void BlabberApp.DataStore.Adapters.UserAdapter::.ctor(BlabberApp.DataStore.Interfaces.IUserPlugin)
DA:13,5
DA:14,5
DA:15,5
DA:16,5
LF:63
LH:41
BRF:0
BRH:0
FNF:9
FNH:8
end_of_record
SF:/Users/alexbrown/Desktop/BlabberApp/BlabberApp/BlabberApp.Domain/Entities/Blab.cs
FN:35,System.Guid BlabberApp.Domain.Entities.Blab::get_Id()
FNDA:59,System.Guid BlabberApp.Domain.Entities.Blab::get_Id()
DA:36,59
FN:36,System.DateTime BlabberApp.Domain.Entities.Blab::get_DTTM()
FNDA:0,System.DateTime BlabberApp.Domain.Entities.Blab::get_DTTM()
DA:37,0
FN:37,System.String BlabberApp.Domain.Entities.Blab::get_Message()
FNDA:52,System.String BlabberApp.Domain.Entities.Blab::get_Message()
DA:38,52
FN:38,BlabberApp.Domain.Entities.User BlabberApp.Domain.Entities.Blab::get_User()
FNDA:39,BlabberApp.Domain.Entities.User BlabberApp.Domain.Entities.Blab::get_User()
DA:39,39
FN:7,System.Void BlabberApp.Domain.Entities.Blab::.ctor()
FNDA:3,System.Void BlabberApp.Domain.Entities.Blab::.ctor()
DA:8,3
DA:9,3
DA:10,3
DA:11,3
DA:12,3
DA:13,3
DA:14,3
FN:14,System.Void BlabberApp.Domain.Entities.Blab::.ctor(System.String)
FNDA:0,System.Void BlabberApp.Domain.Entities.Blab::.ctor(System.String)
DA:15,0
DA:16,0
DA:17,0
DA:18,0
DA:19,0
DA:20,0
DA:21,0
FN:21,System.Void BlabberApp.Domain.Entities.Blab::.ctor(BlabberApp.Domain.Entities.User)
FNDA:5,System.Void BlabberApp.Domain.Entities.Blab::.ctor(BlabberApp.Domain.Entities.User)
DA:22,5
DA:23,5
DA:24,5
DA:25,5
DA:26,5
DA:27,5
DA:28,5
FN:28,System.Void BlabberApp.Domain.Entities.Blab::.ctor(System.String,BlabberApp.Domain.Entities.User)
FNDA:21,System.Void BlabberApp.Domain.Entities.Blab::.ctor(System.String,BlabberApp.Domain.Entities.User)
DA:29,21
DA:30,21
DA:31,21
DA:32,21
DA:33,21
DA:34,21
DA:35,21
LF:32
LH:24
BRF:0
BRH:0
FNF:8
FNH:6
end_of_record
SF:/Users/alexbrown/Desktop/BlabberApp/BlabberApp/BlabberApp.Domain/Entities/User.cs
FN:7,System.Guid BlabberApp.Domain.Entities.User::get_Id()
FNDA:61,System.Guid BlabberApp.Domain.Entities.User::get_Id()
DA:8,61
FN:8,System.DateTime BlabberApp.Domain.Entities.User::get_RegisterDTTM()
FNDA:0,System.DateTime BlabberApp.Domain.Entities.User::get_RegisterDTTM()
DA:9,0
FN:9,System.DateTime BlabberApp.Domain.Entities.User::get_LastLoginDTTM()
FNDA:0,System.DateTime BlabberApp.Domain.Entities.User::get_LastLoginDTTM()
DA:10,0
FN:10,System.String BlabberApp.Domain.Entities.User::get_Email()
FNDA:75,System.String BlabberApp.Domain.Entities.User::get_Email()
DA:11,75
FN:24,System.Void BlabberApp.Domain.Entities.User::ChangeEmail(System.String)
FNDA:43,System.Void BlabberApp.Domain.Entities.User::ChangeEmail(System.String)
DA:25,43
DA:26,43
DA:27,0
DA:29,43
DA:30,43
DA:31,43
DA:32,0
DA:33,0
DA:34,0
DA:36,43
DA:37,43
BRDA:26,7,0,43
BRDA:26,7,1,0
BRDA:26,24,0,0
BRDA:26,24,1,43
FN:12,System.Void BlabberApp.Domain.Entities.User::.ctor()
FNDA:11,System.Void BlabberApp.Domain.Entities.User::.ctor()
DA:13,11
DA:14,11
DA:15,11
DA:16,11
FN:17,System.Void BlabberApp.Domain.Entities.User::.ctor(System.String)
FNDA:33,System.Void BlabberApp.Domain.Entities.User::.ctor(System.String)
DA:18,33
DA:19,33
DA:20,33
DA:21,33
DA:22,33
LF:24
LH:18
BRF:4
BRH:2
FNF:7
FNH:5
end_of_record